<?xml version="1.0" encoding="UTF-8"?>
<!-- Generated by org.testng.reporters.JUnitXMLReporter -->
<testsuite hostname="Guo-Wangs-MacBook-Pro.local" ignored="0" name="Default test" tests="4" failures="0" timestamp="13 Mar 2018 02:15:39 GMT" time="667.011" errors="0">
  <testcase name="acknowledgeOverdueIPVWorkflowTest" time="109.341" classname="com.scb.fmsw.mobile.test.AcknowledgeTest"/>
  <testcase name="acknowledgeOverdueOMRWorkflowTest" time="162.861" classname="com.scb.fmsw.mobile.test.AcknowledgeTest"/>
  <testcase name="acknowledgeOverduePNLWorkflowTest" time="88.993" classname="com.scb.fmsw.mobile.test.AcknowledgeTest"/>
  <testcase name="acknowledgeToReviewCNAWorkflowTest" time="254.489" classname="com.scb.fmsw.mobile.test.AcknowledgeTest"/>
</testsuite> <!-- Default test -->
